<?xml version="1.0" encoding="UTF-8"?>
<!-- Generated by org.testng.reporters.JUnitReportReporter -->
<testsuite hostname="user1" failures="0" tests="4" name="testScripts.ArticleTest" time="5.041" errors="0" timestamp="2025-04-14T12:52:14 IST" skipped="0">
  <testcase classname="testScripts.ArticleTest" name="validLoginTest" time="0.415"/>
  <testcase classname="testScripts.ArticleTest" name="CreateNewArticle" time="1.878"/>
  <testcase classname="testScripts.ArticleTest" name="UpdateArticle" time="2.040"/>
  <testcase classname="testScripts.ArticleTest" name="delArticle" time="0.708"/>
</testsuite> <!-- testScripts.ArticleTest -->
