<?xml version="1.0" encoding="UTF-8"?>
<!-- Generated by org.testng.reporters.JUnitReportReporter -->
<testsuite hostname="user1" failures="0" tests="4" name="testScripts.ConduitArticles" time="3.799" errors="0" timestamp="2025-04-10T10:20:54 IST" skipped="0">
  <testcase classname="testScripts.ConduitArticles" name="validLoginTest" time="0.325"/>
  <testcase classname="testScripts.ConduitArticles" name="CreateNewArticle" time="1.820"/>
  <testcase classname="testScripts.ConduitArticles" name="UpdateArticle" time="1.540"/>
  <testcase classname="testScripts.ConduitArticles" name="delArticle" time="0.114"/>
</testsuite> <!-- testScripts.ConduitArticles -->
